<?xml version="1.0" encoding="UTF-8"?>
<testsuite name="com.example.sudoku.domain.engine.CanonicalNormalizationTest" tests="2" skipped="0" failures="0" errors="0" timestamp="2026-06-16T02:43:18" hostname="11220ce202c2" time="0.028">
  <properties/>
  <testcase name="testCanonicalNormalizationIdenticalForSymmetries" classname="com.example.sudoku.domain.engine.CanonicalNormalizationTest" time="0.026"/>
  <testcase name="testCanonicalNormalizationDifferentForDistinctPuzzles" classname="com.example.sudoku.domain.engine.CanonicalNormalizationTest" time="0.001"/>
  <system-out><![CDATA[]]></system-out>
  <system-err><![CDATA[]]></system-err>
</testsuite>
